<?xml version="1.0" encoding="UTF-8"?>
<!-- Generated by org.testng.reporters.JUnitReportReporter -->
<testsuite hostname="DESKTOP-57VESP8" failures="0" tests="1" name="Test.LoginTest" time="85.022" errors="0" timestamp="2022-12-27T15:55:07 IST" skipped="0">
  <testcase classname="Test.LoginTest" name="loginTest" time="85.022"/>
  <system-out/>
</testsuite> <!-- Test.LoginTest -->
